<?xml version="1.0" encoding="UTF-8"?>
<!-- Generated by org.testng.reporters.JUnitReportReporter -->
<testsuite hostname="DESKTOP-RQFBTSM" failures="0" tests="1" name="runner.Test_Runner" time="26.420" errors="0" timestamp="4 Nov 2022 11:30:31 GMT">
  <testcase classname="runner.Test_Runner" name="runScenario" time="26.420"/>
</testsuite> <!-- runner.Test_Runner -->
